<?xml version="1.0" encoding="UTF-8"?>
<testng-results ignored="0" total="1" passed="1" failed="0" skipped="0">
  <reporter-output>
  </reporter-output>
  <suite started-at="2023-10-23T13:12:39 EET" name="Default suite" finished-at="2023-10-23T13:12:41 EET" duration-ms="1878">
    <groups>
    </groups>
    <test started-at="2023-10-23T13:12:39 EET" name="Default test" finished-at="2023-10-23T13:12:41 EET" duration-ms="1878">
      <class name="project2.MyClass">
        <test-method is-config="true" signature="mySetup()[pri:0, instance:project2.MyClass@75e01201]" started-at="2023-10-23T13:12:39 EET" name="mySetup" finished-at="2023-10-23T13:12:41 EET" duration-ms="1844" status="PASS">
          <reporter-output>
          </reporter-output>
        </test-method> <!-- mySetup -->
        <test-method signature="myTest()[pri:0, instance:project2.MyClass@75e01201]" started-at="2023-10-23T13:12:41 EET" name="myTest" finished-at="2023-10-23T13:12:41 EET" duration-ms="4" status="PASS">
          <reporter-output>
          </reporter-output>
        </test-method> <!-- myTest -->
        <test-method is-config="true" signature="MyPostTesting()[pri:0, instance:project2.MyClass@75e01201]" started-at="2023-10-23T13:12:41 EET" name="MyPostTesting" finished-at="2023-10-23T13:12:41 EET" duration-ms="0" status="PASS">
          <reporter-output>
          </reporter-output>
        </test-method> <!-- MyPostTesting -->
      </class> <!-- project2.MyClass -->
    </test> <!-- Default test -->
  </suite> <!-- Default suite -->
</testng-results>
