<?xml version="1.0" encoding="UTF-8"?>
<testng-results ignored="0" total="1" passed="1" failed="0" skipped="0">
  <reporter-output>
  </reporter-output>
  <suite started-at="2023-10-23T09:41:29 EET" name="Default suite" finished-at="2023-10-23T09:41:32 EET" duration-ms="2935">
    <groups>
    </groups>
    <test started-at="2023-10-23T09:41:29 EET" name="Default test" finished-at="2023-10-23T09:41:32 EET" duration-ms="2935">
      <class name="MyFirstTestCase">
        <test-method is-config="true" signature="mySetup()[pri:0, instance:MyFirstTestCase@76f7d241]" started-at="2023-10-23T09:41:29 EET" name="mySetup" finished-at="2023-10-23T09:41:32 EET" duration-ms="2891" status="PASS">
          <reporter-output>
          </reporter-output>
        </test-method> <!-- mySetup -->
        <test-method signature="MyFirstTest()[pri:0, instance:MyFirstTestCase@76f7d241]" started-at="2023-10-23T09:41:32 EET" name="MyFirstTest" finished-at="2023-10-23T09:41:32 EET" duration-ms="7" status="PASS">
          <reporter-output>
          </reporter-output>
        </test-method> <!-- MyFirstTest -->
        <test-method is-config="true" signature="MyPostTesting()[pri:0, instance:MyFirstTestCase@76f7d241]" started-at="2023-10-23T09:41:32 EET" name="MyPostTesting" finished-at="2023-10-23T09:41:32 EET" duration-ms="0" status="PASS">
          <reporter-output>
          </reporter-output>
        </test-method> <!-- MyPostTesting -->
      </class> <!-- MyFirstTestCase -->
    </test> <!-- Default test -->
  </suite> <!-- Default suite -->
</testng-results>
